This is pdfTeX, Version 3.14159265-2.6-1.40.21 (MiKTeX 2.9.7440 64-bit) (preloaded format=pdflatex 2020.6.15)  28 JUN 2020 22:42
entering extended mode
**"./MAML Report.tex"
("MAML Report.tex"
LaTeX2e <2020-02-02> patch level 5
L3 programming layer <2020-06-03>
("C:\Users\Laboratory\AppData\Local\Programs\MiKTeX 2.9\tex/latex/base\article.
cls"
Document Class: article 2019/12/20 v1.4l Standard LaTeX document class

("C:\Users\Laboratory\AppData\Local\Programs\MiKTeX 2.9\tex/latex/base\size11.c
lo"
File: size11.clo 2019/12/20 v1.4l Standard LaTeX file (size option)
)
\c@part=\count167
\c@section=\count168
\c@subsection=\count169
\c@subsubsection=\count170
\c@paragraph=\count171
\c@subparagraph=\count172
\c@figure=\count173
\c@table=\count174
\abovecaptionskip=\skip47
\belowcaptionskip=\skip48
\bibindent=\dimen134
)
("C:\Users\Laboratory\AppData\Local\Programs\MiKTeX 2.9\tex/latex/amsfonts\amss
ymb.sty"
Package: amssymb 2013/01/14 v3.01 AMS font symbols

("C:\Users\Laboratory\AppData\Local\Programs\MiKTeX 2.9\tex/latex/amsfonts\amsf
onts.sty"
Package: amsfonts 2013/01/14 v3.01 Basic AMSFonts support
\@emptytoks=\toks15
\symAMSa=\mathgroup4
\symAMSb=\mathgroup5
LaTeX Font Info:    Redeclaring math symbol \hbar on input line 98.
LaTeX Font Info:    Overwriting math alphabet `\mathfrak' in version `bold'
(Font)                  U/euf/m/n --> U/euf/b/n on input line 106.
))
("C:\Users\Laboratory\AppData\Local\Programs\MiKTeX 2.9\tex/latex/amscls\amsthm
.sty"
Package: amsthm 2020/05/29 v2.20.6
\thm@style=\toks16
\thm@bodyfont=\toks17
\thm@headfont=\toks18
\thm@notefont=\toks19
\thm@headpunct=\toks20
\thm@preskip=\skip49
\thm@postskip=\skip50
\thm@headsep=\skip51
\dth@everypar=\toks21
)
("C:\Users\Laboratory\AppData\Local\Programs\MiKTeX 2.9\tex/latex/amsmath\amsma
th.sty"
Package: amsmath 2020/01/20 v2.17e AMS math features
\@mathmargin=\skip52

For additional information on amsmath, use the `?' option.

("C:\Users\Laboratory\AppData\Local\Programs\MiKTeX 2.9\tex/latex/amsmath\amste
xt.sty"
Package: amstext 2000/06/29 v2.01 AMS text

("C:\Users\Laboratory\AppData\Local\Programs\MiKTeX 2.9\tex/latex/amsmath\amsge
n.sty"
File: amsgen.sty 1999/11/30 v2.0 generic functions
\@emptytoks=\toks22
\ex@=\dimen135
))
("C:\Users\Laboratory\AppData\Local\Programs\MiKTeX 2.9\tex/latex/amsmath\amsbs
y.sty"
Package: amsbsy 1999/11/29 v1.2d Bold Symbols
\pmbraise@=\dimen136
)
("C:\Users\Laboratory\AppData\Local\Programs\MiKTeX 2.9\tex/latex/amsmath\amsop
n.sty"
Package: amsopn 2016/03/08 v2.02 operator names
)
\inf@bad=\count175
LaTeX Info: Redefining \frac on input line 227.
\uproot@=\count176
\leftroot@=\count177
LaTeX Info: Redefining \overline on input line 389.
\classnum@=\count178
\DOTSCASE@=\count179
LaTeX Info: Redefining \ldots on input line 486.
LaTeX Info: Redefining \dots on input line 489.
LaTeX Info: Redefining \cdots on input line 610.
\Mathstrutbox@=\box45
\strutbox@=\box46
\big@size=\dimen137
LaTeX Font Info:    Redeclaring font encoding OML on input line 733.
LaTeX Font Info:    Redeclaring font encoding OMS on input line 734.
\macc@depth=\count180
\c@MaxMatrixCols=\count181
\dotsspace@=\muskip16
\c@parentequation=\count182
\dspbrk@lvl=\count183
\tag@help=\toks23
\row@=\count184
\column@=\count185
\maxfields@=\count186
\andhelp@=\toks24
\eqnshift@=\dimen138
\alignsep@=\dimen139
\tagshift@=\dimen140
\tagwidth@=\dimen141
\totwidth@=\dimen142
\lineht@=\dimen143
\@envbody=\toks25
\multlinegap=\skip53
\multlinetaggap=\skip54
\mathdisplay@stack=\toks26
LaTeX Info: Redefining \[ on input line 2859.
LaTeX Info: Redefining \] on input line 2860.
)
("C:\Users\Laboratory\AppData\Local\Programs\MiKTeX 2.9\tex/latex/xcolor\xcolor
.sty"
Package: xcolor 2016/05/11 v2.12 LaTeX color extensions (UK)

("C:\Users\Laboratory\AppData\Local\Programs\MiKTeX 2.9\tex/latex/graphics-cfg\
color.cfg"
File: color.cfg 2016/01/02 v1.6 sample color configuration
)
Package xcolor Info: Driver file: pdftex.def on input line 225.

("C:\Users\Laboratory\AppData\Local\Programs\MiKTeX 2.9\tex/latex/graphics-def\
pdftex.def"
File: pdftex.def 2018/01/08 v1.0l Graphics/color driver for pdftex
)
("C:\Users\Laboratory\AppData\Local\Programs\MiKTeX 2.9\tex/latex/colortbl\colo
rtbl.sty"
Package: colortbl 2020/01/04 v1.0e Color table columns (DPC)

("C:\Users\Laboratory\AppData\Local\Programs\MiKTeX 2.9\tex/latex/tools\array.s
ty"
Package: array 2019/08/31 v2.4l Tabular extension package (FMi)
\col@sep=\dimen144
\ar@mcellbox=\box47
\extrarowheight=\dimen145
\NC@list=\toks27
\extratabsurround=\skip55
\backup@length=\skip56
\ar@cellbox=\box48
)
\everycr=\toks28
\minrowclearance=\skip57
)
\rownum=\count187
Package xcolor Info: Model `cmy' substituted by `cmy0' on input line 1348.
Package xcolor Info: Model `hsb' substituted by `rgb' on input line 1352.
Package xcolor Info: Model `RGB' extended on input line 1364.
Package xcolor Info: Model `HTML' substituted by `rgb' on input line 1366.
Package xcolor Info: Model `Hsb' substituted by `hsb' on input line 1367.
Package xcolor Info: Model `tHsb' substituted by `hsb' on input line 1368.
Package xcolor Info: Model `HSB' substituted by `hsb' on input line 1369.
Package xcolor Info: Model `Gray' substituted by `gray' on input line 1370.
Package xcolor Info: Model `wave' substituted by `hsb' on input line 1371.
)
("C:\Users\Laboratory\AppData\Local\Programs\MiKTeX 2.9\tex/latex/enumitem\enum
item.sty"
Package: enumitem 2019/06/20 v3.9 Customized lists
\enitkv@toks@=\toks29
\labelindent=\skip58
\enit@outerparindent=\dimen146
\enit@toks=\toks30
\enit@inbox=\box49
\enit@count@id=\count188
\enitdp@description=\count189
)
("C:\Users\Laboratory\AppData\Local\Programs\MiKTeX 2.9\tex/latex/multirow\mult
irow.sty"
Package: multirow 2019/05/31 v2.5 Span multiple rows of a table
\multirow@colwidth=\skip59
\multirow@cntb=\count190
\multirow@dima=\skip60
\bigstrutjot=\dimen147
)
("C:\Users\Laboratory\AppData\Local\Programs\MiKTeX 2.9\tex/latex/hyperref\hype
rref.sty"
Package: hyperref 2020-05-15 v7.00e Hypertext links for LaTeX

("C:\Users\Laboratory\AppData\Local\Programs\MiKTeX 2.9\tex/generic/ltxcmds\ltx
cmds.sty"
Package: ltxcmds 2019/12/15 v1.24 LaTeX kernel commands for general use (HO)
)
("C:\Users\Laboratory\AppData\Local\Programs\MiKTeX 2.9\tex/generic/iftex\iftex
.sty"
Package: iftex 2020/03/06 v1.0d TeX engine tests
)
("C:\Users\Laboratory\AppData\Local\Programs\MiKTeX 2.9\tex/latex/pdftexcmds\pd
ftexcmds.sty"
Package: pdftexcmds 2020-06-04 v0.32 Utility functions of pdfTeX for LuaTeX (HO
)

("C:\Users\Laboratory\AppData\Local\Programs\MiKTeX 2.9\tex/generic/infwarerr\i
nfwarerr.sty"
Package: infwarerr 2019/12/03 v1.5 Providing info/warning/error messages (HO)
)
Package pdftexcmds Info: \pdf@primitive is available.
Package pdftexcmds Info: \pdf@ifprimitive is available.
Package pdftexcmds Info: \pdfdraftmode found.
)
("C:\Users\Laboratory\AppData\Local\Programs\MiKTeX 2.9\tex/latex/graphics\keyv
al.sty"
Package: keyval 2014/10/28 v1.15 key=value parser (DPC)
\KV@toks@=\toks31
)
("C:\Users\Laboratory\AppData\Local\Programs\MiKTeX 2.9\tex/generic/kvsetkeys\k
vsetkeys.sty"
Package: kvsetkeys 2019/12/15 v1.18 Key value parser (HO)
)
("C:\Users\Laboratory\AppData\Local\Programs\MiKTeX 2.9\tex/generic/kvdefinekey
s\kvdefinekeys.sty"
Package: kvdefinekeys 2019-12-19 v1.6 Define keys (HO)
)
("C:\Users\Laboratory\AppData\Local\Programs\MiKTeX 2.9\tex/generic/pdfescape\p
dfescape.sty"
Package: pdfescape 2019/12/09 v1.15 Implements pdfTeX's escape features (HO)
)
("C:\Users\Laboratory\AppData\Local\Programs\MiKTeX 2.9\tex/latex/hycolor\hycol
or.sty"
Package: hycolor 2020-01-27 v1.10 Color options for hyperref/bookmark (HO)
)
("C:\Users\Laboratory\AppData\Local\Programs\MiKTeX 2.9\tex/latex/letltxmacro\l
etltxmacro.sty"
Package: letltxmacro 2019/12/03 v1.6 Let assignment for LaTeX macros (HO)
)
("C:\Users\Laboratory\AppData\Local\Programs\MiKTeX 2.9\tex/latex/auxhook\auxho
ok.sty"
Package: auxhook 2019-12-17 v1.6 Hooks for auxiliary files (HO)
)
("C:\Users\Laboratory\AppData\Local\Programs\MiKTeX 2.9\tex/latex/kvoptions\kvo
ptions.sty"
Package: kvoptions 2019/11/29 v3.13 Key value format for package options (HO)
)
\@linkdim=\dimen148
\Hy@linkcounter=\count191
\Hy@pagecounter=\count192

("C:\Users\Laboratory\AppData\Local\Programs\MiKTeX 2.9\tex/latex/hyperref\pd1e
nc.def"
File: pd1enc.def 2020-05-15 v7.00e Hyperref: PDFDocEncoding definition (HO)
Now handling font encoding PD1 ...
... no UTF-8 mapping file for font encoding PD1
)
("C:\Users\Laboratory\AppData\Local\Programs\MiKTeX 2.9\tex/generic/intcalc\int
calc.sty"
Package: intcalc 2019/12/15 v1.3 Expandable calculations with integers (HO)
)
("C:\Users\Laboratory\AppData\Local\Programs\MiKTeX 2.9\tex/generic/etexcmds\et
excmds.sty"
Package: etexcmds 2019/12/15 v1.7 Avoid name clashes with e-TeX commands (HO)
)
\Hy@SavedSpaceFactor=\count193
Package hyperref Info: Hyper figures OFF on input line 4464.
Package hyperref Info: Link nesting OFF on input line 4469.
Package hyperref Info: Hyper index ON on input line 4472.
Package hyperref Info: Plain pages OFF on input line 4479.
Package hyperref Info: Backreferencing OFF on input line 4484.
Package hyperref Info: Implicit mode ON; LaTeX internals redefined.
Package hyperref Info: Bookmarks ON on input line 4717.
\c@Hy@tempcnt=\count194

("C:\Users\Laboratory\AppData\Local\Programs\MiKTeX 2.9\tex/latex/url\url.sty"
\Urlmuskip=\muskip17
Package: url 2013/09/16  ver 3.4  Verb mode for urls, etc.
)
LaTeX Info: Redefining \url on input line 5076.
\XeTeXLinkMargin=\dimen149

("C:\Users\Laboratory\AppData\Local\Programs\MiKTeX 2.9\tex/generic/bitset\bits
et.sty"
Package: bitset 2019/12/09 v1.3 Handle bit-vector datatype (HO)

("C:\Users\Laboratory\AppData\Local\Programs\MiKTeX 2.9\tex/generic/bigintcalc\
bigintcalc.sty"
Package: bigintcalc 2019/12/15 v1.5 Expandable calculations on big integers (HO
)
))
\Fld@menulength=\count195
\Field@Width=\dimen150
\Fld@charsize=\dimen151
Package hyperref Info: Hyper figures OFF on input line 6347.
Package hyperref Info: Link nesting OFF on input line 6352.
Package hyperref Info: Hyper index ON on input line 6355.
Package hyperref Info: backreferencing OFF on input line 6362.
Package hyperref Info: Link coloring OFF on input line 6367.
Package hyperref Info: Link coloring with OCG OFF on input line 6372.
Package hyperref Info: PDF/A mode OFF on input line 6377.
LaTeX Info: Redefining \ref on input line 6417.
LaTeX Info: Redefining \pageref on input line 6421.

("C:\Users\Laboratory\AppData\Local\Programs\MiKTeX 2.9\tex/generic/atbegshi\at
begshi.sty"
Package: atbegshi 2019/12/05 v1.19 At begin shipout hook (HO)
)
\Hy@abspage=\count196
\c@Item=\count197
\c@Hfootnote=\count198
)
Package hyperref Info: Driver (autodetected): hpdftex.

("C:\Users\Laboratory\AppData\Local\Programs\MiKTeX 2.9\tex/latex/hyperref\hpdf
tex.def"
File: hpdftex.def 2020-05-15 v7.00e Hyperref driver for pdfTeX

("C:\Users\Laboratory\AppData\Local\Programs\MiKTeX 2.9\tex/latex/atveryend\atv
eryend.sty"
Package: atveryend 2019-12-11 v1.11 Hooks at the very end of document (HO)
Package atveryend Info: \enddocument detected (standard20110627).
)
\Fld@listcount=\count199
\c@bookmark@seq@number=\count266

("C:\Users\Laboratory\AppData\Local\Programs\MiKTeX 2.9\tex/latex/rerunfilechec
k\rerunfilecheck.sty"
Package: rerunfilecheck 2019/12/05 v1.9 Rerun checks for auxiliary files (HO)

("C:\Users\Laboratory\AppData\Local\Programs\MiKTeX 2.9\tex/generic/uniquecount
er\uniquecounter.sty"
Package: uniquecounter 2019/12/15 v1.4 Provide unlimited unique counter (HO)
)
Package uniquecounter Info: New unique counter `rerunfilecheck' on input line 2
86.
)
\Hy@SectionHShift=\skip61
)
("C:\Users\Laboratory\AppData\Local\Programs\MiKTeX 2.9\tex/latex/graphics\grap
hicx.sty"
Package: graphicx 2019/11/30 v1.2a Enhanced LaTeX Graphics (DPC,SPQR)

("C:\Users\Laboratory\AppData\Local\Programs\MiKTeX 2.9\tex/latex/graphics\grap
hics.sty"
Package: graphics 2019/11/30 v1.4a Standard LaTeX Graphics (DPC,SPQR)

("C:\Users\Laboratory\AppData\Local\Programs\MiKTeX 2.9\tex/latex/graphics\trig
.sty"
Package: trig 2016/01/03 v1.10 sin cos tan (DPC)
)
("C:\Users\Laboratory\AppData\Local\Programs\MiKTeX 2.9\tex/latex/graphics-cfg\
graphics.cfg"
File: graphics.cfg 2016/06/04 v1.11 sample graphics configuration
)
Package graphics Info: Driver file: pdftex.def on input line 105.
)
\Gin@req@height=\dimen152
\Gin@req@width=\dimen153
)
("C:\Users\Laboratory\AppData\Local\Programs\MiKTeX 2.9\tex/latex/cleveref\clev
eref.sty"
Package: cleveref 2018/03/27 v0.21.4 Intelligent cross-referencing
Package cleveref Info: `hyperref' support loaded on input line 2370.
LaTeX Info: Redefining \cref on input line 2370.
LaTeX Info: Redefining \Cref on input line 2370.
LaTeX Info: Redefining \crefrange on input line 2370.
LaTeX Info: Redefining \Crefrange on input line 2370.
LaTeX Info: Redefining \cpageref on input line 2370.
LaTeX Info: Redefining \Cpageref on input line 2370.
LaTeX Info: Redefining \cpagerefrange on input line 2370.
LaTeX Info: Redefining \Cpagerefrange on input line 2370.
LaTeX Info: Redefining \labelcref on input line 2370.
LaTeX Info: Redefining \labelcpageref on input line 2370.
Package cleveref Info: `amsthm' support loaded on input line 3026.
)
Package hyperref Info: Option `colorlinks' set `true' on input line 14.

("C:\Users\Laboratory\AppData\Local\Programs\MiKTeX 2.9\tex/latex/l3backend\l3b
ackend-pdfmode.def"
File: l3backend-pdfmode.def 2020-06-03 L3 backend support: PDF mode
\l__kernel_color_stack_int=\count267
\l__pdf_internal_box=\box50
) ("MAML Report.aux")
\openout1 = `"MAML Report.aux"'.

LaTeX Font Info:    Checking defaults for OML/cmm/m/it on input line 22.
LaTeX Font Info:    ... okay on input line 22.
LaTeX Font Info:    Checking defaults for OMS/cmsy/m/n on input line 22.
LaTeX Font Info:    ... okay on input line 22.
LaTeX Font Info:    Checking defaults for OT1/cmr/m/n on input line 22.
LaTeX Font Info:    ... okay on input line 22.
LaTeX Font Info:    Checking defaults for T1/cmr/m/n on input line 22.
LaTeX Font Info:    ... okay on input line 22.
LaTeX Font Info:    Checking defaults for TS1/cmr/m/n on input line 22.
LaTeX Font Info:    ... okay on input line 22.
LaTeX Font Info:    Checking defaults for OMX/cmex/m/n on input line 22.
LaTeX Font Info:    ... okay on input line 22.
LaTeX Font Info:    Checking defaults for U/cmr/m/n on input line 22.
LaTeX Font Info:    ... okay on input line 22.
LaTeX Font Info:    Checking defaults for PD1/pdf/m/n on input line 22.
LaTeX Font Info:    ... okay on input line 22.

("C:\Users\Laboratory\AppData\Local\Programs\MiKTeX 2.9\tex/context/base/mkii\s
upp-pdf.mkii"
[Loading MPS to PDF converter (version 2006.09.02).]
\scratchcounter=\count268
\scratchdimen=\dimen154
\scratchbox=\box51
\nofMPsegments=\count269
\nofMParguments=\count270
\everyMPshowfont=\toks32
\MPscratchCnt=\count271
\MPscratchDim=\dimen155
\MPnumerator=\count272
\makeMPintoPDFobject=\count273
\everyMPtoPDFconversion=\toks33
)
("C:\Users\Laboratory\AppData\Local\Programs\MiKTeX 2.9\tex/latex/epstopdf-pkg\
epstopdf-base.sty"
Package: epstopdf-base 2020-01-24 v2.11 Base part for package epstopdf
Package epstopdf-base Info: Redefining graphics rule for `.eps' on input line 4
85.
)
\AtBeginShipoutBox=\box52
Package hyperref Info: Link coloring ON on input line 22.

("C:\Users\Laboratory\AppData\Local\Programs\MiKTeX 2.9\tex/latex/hyperref\name
ref.sty"
Package: nameref 2019/09/16 v2.46 Cross-referencing by name of section

("C:\Users\Laboratory\AppData\Local\Programs\MiKTeX 2.9\tex/latex/refcount\refc
ount.sty"
Package: refcount 2019/12/15 v3.6 Data extraction from label references (HO)
)
("C:\Users\Laboratory\AppData\Local\Programs\MiKTeX 2.9\tex/generic/gettitlestr
ing\gettitlestring.sty"
Package: gettitlestring 2019/12/15 v1.6 Cleanup title references (HO)
)
\c@section@level=\count274
)
LaTeX Info: Redefining \ref on input line 22.
LaTeX Info: Redefining \pageref on input line 22.
LaTeX Info: Redefining \nameref on input line 22.
 ("MAML Report.out") ("MAML Report.out")
\@outlinefile=\write3
\openout3 = `"MAML Report.out"'.

LaTeX Font Info:    Trying to load font information for U+msa on input line 28.


("C:\Users\Laboratory\AppData\Local\Programs\MiKTeX 2.9\tex/latex/amsfonts\umsa
.fd"
File: umsa.fd 2013/01/14 v3.01 AMS symbols A
)
LaTeX Font Info:    Trying to load font information for U+msb on input line 28.


("C:\Users\Laboratory\AppData\Local\Programs\MiKTeX 2.9\tex/latex/amsfonts\umsb
.fd"
File: umsb.fd 2013/01/14 v3.01 AMS symbols B
)
<Images/omninglot 5 way - 1 shot alpha = 0.4.jpg, id=3, 883.04906pt x 307.90031
pt>
File: Images/omninglot 5 way - 1 shot alpha = 0.4.jpg Graphic file (type jpg)
<use Images/omninglot 5 way - 1 shot alpha = 0.4.jpg>
Package pdftex.def Info: Images/omninglot 5 way - 1 shot alpha = 0.4.jpg  used 
on input line 36.
(pdftex.def)             Requested size: 251.9989pt x 87.86525pt.
<Images/omniglot 5 way - 5 shot alpha = 0.4.jpg, id=4, 900.36375pt x 327.47343p
t>
File: Images/omniglot 5 way - 5 shot alpha = 0.4.jpg Graphic file (type jpg)
<use Images/omniglot 5 way - 5 shot alpha = 0.4.jpg>
Package pdftex.def Info: Images/omniglot 5 way - 5 shot alpha = 0.4.jpg  used o
n input line 43.
(pdftex.def)             Requested size: 251.9989pt x 91.65196pt.
<Images/miniimagenet 5 way - 1 shot.jpg, id=5, 904.1278pt x 328.97906pt>
File: Images/miniimagenet 5 way - 1 shot.jpg Graphic file (type jpg)
<use Images/miniimagenet 5 way - 1 shot.jpg>
Package pdftex.def Info: Images/miniimagenet 5 way - 1 shot.jpg  used on input 
line 50.
(pdftex.def)             Requested size: 251.9989pt x 91.69183pt.
<Images/miniimagenet 5 way - 5 shot.jpg, id=6, 896.59969pt x 324.46219pt>
File: Images/miniimagenet 5 way - 5 shot.jpg Graphic file (type jpg)
<use Images/miniimagenet 5 way - 5 shot.jpg>
Package pdftex.def Info: Images/miniimagenet 5 way - 5 shot.jpg  used on input 
line 57.
(pdftex.def)             Requested size: 251.9989pt x 91.1904pt.
 [1

{C:/Users/Laboratory/AppData/Local/MiKTeX/2.9/pdftex/config/pdftex.map} <./Imag
es/omninglot 5 way - 1 shot alpha = 0.4.jpg> <./Images/omniglot 5 way - 5 shot 
alpha = 0.4.jpg>]
<Images/omninglot 5 way - 1 shot alpha = 1.jpg, id=20, 898.10532pt x 330.48468p
t>
File: Images/omninglot 5 way - 1 shot alpha = 1.jpg Graphic file (type jpg)
<use Images/omninglot 5 way - 1 shot alpha = 1.jpg>
Package pdftex.def Info: Images/omninglot 5 way - 1 shot alpha = 1.jpg  used on
 input line 77.
(pdftex.def)             Requested size: 251.9989pt x 92.7267pt.
<Images/omniglot 5 way - 5 shot alpha = 1.jpg, id=21, 899.61093pt x 328.97906pt
>
File: Images/omniglot 5 way - 5 shot alpha = 1.jpg Graphic file (type jpg)
<use Images/omniglot 5 way - 5 shot alpha = 1.jpg>
Package pdftex.def Info: Images/omniglot 5 way - 5 shot alpha = 1.jpg  used on 
input line 84.
(pdftex.def)             Requested size: 251.9989pt x 92.15366pt.
Package atveryend Info: Empty hook `BeforeClearDocument' on input line 92.
 [2 <./Images/miniimagenet 5 way - 1 shot.jpg> <./Images/miniimagenet 5 way - 5
 shot.jpg>] [3 <./Images/omninglot 5 way - 1 shot alpha = 1.jpg> <./Images/omni
glot 5 way - 5 shot alpha = 1.jpg>]
Package atveryend Info: Empty hook `AfterLastShipout' on input line 92.
 ("MAML Report.aux")
Package atveryend Info: Executing hook `AtVeryEndDocument' on input line 92.
Package atveryend Info: Executing hook `AtEndAfterFileList' on input line 92.
Package rerunfilecheck Info: File `"MAML Report".out' has not changed.
(rerunfilecheck)             Checksum: D41D8CD98F00B204E9800998ECF8427E;0.
Package atveryend Info: Empty hook `AtVeryVeryEnd' on input line 92.
 ) 
Here is how much of TeX's memory you used:
 8952 strings out of 480797
 149324 string characters out of 2893230
 427888 words of memory out of 3000000
 24803 multiletter control sequences out of 15000+200000
 538236 words of font info for 46 fonts, out of 3000000 for 9000
 1141 hyphenation exceptions out of 8191
 34i,7n,37p,632b,318s stack positions out of 5000i,500n,10000p,200000b,50000s
<C:/Users/Laboratory/AppData/Local/Programs/MiKTeX 2.9/fonts/type1/public/ams
fonts/cm/cmr10.pfb><C:/Users/Laboratory/AppData/Local/Programs/MiKTeX 2.9/fonts
/type1/public/amsfonts/cm/cmr12.pfb><C:/Users/Laboratory/AppData/Local/Programs
/MiKTeX 2.9/fonts/type1/public/amsfonts/cm/cmr17.pfb><C:/Users/Laboratory/AppDa
ta/Local/Programs/MiKTeX 2.9/fonts/type1/public/amsfonts/cm/cmti10.pfb>
Output written on "MAML Report.pdf" (3 pages, 453178 bytes).
PDF statistics:
 55 PDF objects out of 1000 (max. 8388607)
 12 named destinations out of 1000 (max. 500000)
 31 words of extra memory for PDF output out of 10000 (max. 10000000)

